T9AFC 000:000.616   SEGGER J-Link V8.12f Log File
T9AFC 000:000.738   DLL Compiled: Feb 12 2025 13:34:40
T9AFC 000:000.745   Logging started @ 2026-03-28 01:39
T9AFC 000:000.751   Process: C:\Users\LWX\.eclipse\com.renesas.platform_1264228755\DebugComp\RA\e2-server-gdb.exe
T9AFC 000:000.762 - 0.757ms 
T9AFC 000:000.776 JLINK_GetDLLVersion()
T9AFC 000:000.782 - 0.007ms returns 81206
T9AFC 000:003.553 JLINK_OpenEx(...)
T9AFC 000:010.549   Firmware: J-Link V9 compiled Dec  8 2023 20:16:22
T9AFC 000:011.034   Firmware: J-Link V9 compiled Dec  8 2023 20:16:22
T9AFC 000:011.157   Decompressing FW timestamp took 103 us
T9AFC 000:016.661   Hardware: V9.70
T9AFC 000:016.692   S/N: 602720264
T9AFC 000:016.706   OEM: SEGGER
T9AFC 000:016.719   Feature(s): GDB, RDI, FlashBP, FlashDL, JFlash
T9AFC 000:017.399   Bootloader: (FW returned invalid version)
T9AFC 000:018.112   TELNET listener socket opened on port 19021
T9AFC 000:018.310   WEBSRV WEBSRV_Init(): Starting webserver thread(s)
T9AFC 000:018.464   WEBSRV Webserver running on local port 19080
T9AFC 000:018.585   Looking for J-Link GUI Server exe at: C:\Users\LWX\.eclipse\com.renesas.platform_1264228755\DebugComp\RA\ARM\Segger_v8.12.6\JLinkGUIServer.exe
T9AFC 000:018.770   Looking for J-Link GUI Server exe at: E:\Renesas\segger\JLink_V912\\JLinkGUIServer.exe
T9AFC 000:018.856   Forking J-Link GUI Server: E:\Renesas\segger\JLink_V912\\JLinkGUIServer.exe
T9AFC 000:112.037   J-Link GUI Server info: "J-Link GUI server V9.12 "
T9AFC 000:133.606 - 130.047ms returns "O.K."
T9AFC 000:133.722 JLINK_ExecCommand("ProjectFile=E:\Renesas\prj\Renesas_Cup_workspace\Renesas_Cup_reailty_ai/Renesas_Cup_reailty_ai.elf.jlink", ...). 
T9AFC 000:150.497 - 16.778ms returns 0x00
T9AFC 000:150.893 JLINK_ExecCommand("device=R7FA6M5BF", ...). 
T9AFC 000:151.999   Flash bank @ 0x0100A100: SFL: Parsing sectorization info from ELF file
T9AFC 000:152.016     FlashDevice.SectorInfo[0]: .SectorSize = 0x00000010, .SectorStartAddr = 0x00000000
T9AFC 000:152.025   FlashBank @0x0100A100: Sectorization info from SFL ELF file ignored because sectorization override from DLL / XML file is active.
T9AFC 000:152.511   Flash bank @ 0x60000000: SFL: Parsing sectorization info from ELF file
T9AFC 000:152.524     FlashDevice.SectorInfo[0]: .SectorSize = 0x00010000, .SectorStartAddr = 0x00000000
T9AFC 000:156.696   Device "R7FA6M5BF" selected.
T9AFC 000:157.241 - 6.333ms returns 0x00
T9AFC 000:157.259 JLINK_TIF_GetAvailable(...)
T9AFC 000:157.411 - 0.151ms 
T9AFC 000:157.433 JLINK_TIF_Select(JLINKARM_TIF_SWD)
T9AFC 000:157.870 - 0.437ms returns 0x00
T9AFC 000:157.889 JLINK_SetSpeed(4000)
T9AFC 000:157.956 - 0.069ms 
T9AFC 000:157.987 JLINK_ReadMem(0xE000EDF0, 0x4 Bytes, ...)
T9AFC 000:158.126   ConfigTargetSettings() start
T9AFC 000:158.145    J-Link Script File: Executing ConfigTargetSettings()
T9AFC 000:158.153   Configuring FlashDLNoRMWThreshold=0x200 in order to make sure that option bytes programming is done via read-modify-write
T9AFC 000:166.680   ConfigTargetSettings() end - Took 8.53ms
T9AFC 000:166.699   InitTarget() start
T9AFC 000:166.707    J-Link Script File: Executing InitTarget()
T9AFC 000:166.714   SWD selected. Executing JTAG -> SWD switching sequence.
T9AFC 000:168.051   DAP initialized successfully.
T9AFC 000:168.065   Determining TrustZone configuration...
T9AFC 000:168.773     Secure Debug: Enabled (SSD)
T9AFC 000:168.785   Determining currently configured transfer type by reading the AHB-AP CSW register.
T9AFC 000:169.301     --> Correct transfer type configured. Done.
T9AFC 000:169.322   InitTarget() end - Took 2.61ms
T9AFC 000:169.808   Found SW-DP with ID 0x6BA02477
T9AFC 000:171.270   DPIDR: 0x6BA02477
T9AFC 000:171.295   CoreSight SoC-400 or earlier
T9AFC 000:171.315   Scanning AP map to find all available APs
T9AFC 000:171.985   AP[2]: Stopped AP scan as end of AP map has been reached
T9AFC 000:172.000   AP[0]: AHB-AP (IDR: 0x84770001, ADDR: 0x00000000)
T9AFC 000:172.008   AP[1]: APB-AP (IDR: 0x54770002, ADDR: 0x01000000)
T9AFC 000:172.016   Iterating through AP map to find AHB-AP to use
T9AFC 000:172.680   AP[0]: Core found
T9AFC 000:172.693   AP[0]: AHB-AP ROM base: 0xE00FE000
T9AFC 000:173.013   CPUID register: 0x410FD214. Implementer code: 0x41 (ARM)
T9AFC 000:173.024   Feature set: Mainline
T9AFC 000:173.336   Cache: No cache
T9AFC 000:173.348   Found Cortex-M33 r0p4, Little endian.
T9AFC 000:173.655   -- Max. mem block: 0x00010A68
T9AFC 000:174.099   
  ***** Warning: 
T9AFC 000:174.118   Cortex-M (ARMv8-M and later): The connected J-Link (S/N 602720264) uses an old firmware module that does not handle I/D-cache correctly. Proper debugging functionality cannot be guaranteed if cache is enabled
T9AFC 000:174.141   CPU_ReadMem(4 bytes @ 0xE000EDF0)
T9AFC 000:174.411   CPU_WriteMem(4 bytes @ 0xE000EDF0)
T9AFC 000:174.677   CPU_ReadMem(4 bytes @ 0xE0002000)
T9AFC 000:174.947   FPUnit: 8 code (BP) slots and 0 literal slots
T9AFC 000:174.967   CPU_ReadMem(4 bytes @ 0xE000EDFC)
T9AFC 000:175.230   CPU_WriteMem(4 bytes @ 0xE000EDFC)
T9AFC 000:175.478   CPU_ReadMem(4 bytes @ 0xE0001000)
T9AFC 000:175.712   CPU_ReadMem(4 bytes @ 0xE0001000)
T9AFC 000:175.950   CPU_ReadMem(4 bytes @ 0xE0001028)
T9AFC 000:176.203   CPU_ReadMem(4 bytes @ 0xE0001038)
T9AFC 000:176.448   CPU_ReadMem(4 bytes @ 0xE0001048)
T9AFC 000:176.692   CPU_ReadMem(4 bytes @ 0xE0001058)
T9AFC 000:176.928   CPU_WriteMem(4 bytes @ 0xE0001000)
T9AFC 000:177.177   CPU_ReadMem(4 bytes @ 0xE000ED88)
T9AFC 000:177.414   CPU_WriteMem(4 bytes @ 0xE000ED88)
T9AFC 000:177.665   CPU_ReadMem(4 bytes @ 0xE000ED88)
T9AFC 000:177.908   CPU_WriteMem(4 bytes @ 0xE000ED88)
T9AFC 000:178.161   CPU_ReadMem(4 bytes @ 0xE000EFB8)
T9AFC 000:178.393   Security extension: implemented
T9AFC 000:178.403   Secure debug: enabled
T9AFC 000:178.411   CoreSight components:
T9AFC 000:178.419   ROMTbl[0] @ E00FE000
T9AFC 000:178.427   CPU_ReadMem(64 bytes @ 0xE00FE000)
T9AFC 000:178.948   CPU_ReadMem(32 bytes @ 0xE0044FE0)
T9AFC 000:179.331   CPU_ReadMem(4 bytes @ 0xE0044FBC)
T9AFC 000:179.660   CPU_ReadMem(4 bytes @ 0xE0044FCC)
T9AFC 000:179.898   [0][0]: E0044000 CID B105900D PID 005BB906 DEVARCH 00000000 DEVTYPE 14 CTI (?)
T9AFC 000:179.907   CPU_ReadMem(32 bytes @ 0xE0047FE0)
T9AFC 000:180.291   CPU_ReadMem(4 bytes @ 0xE0047FBC)
T9AFC 000:180.544   CPU_ReadMem(4 bytes @ 0xE0047FCC)
T9AFC 000:180.820   [0][1]: E0047000 CID B105900D PID 003BB908 DEVARCH 00000000 DEVTYPE 12 CSTF
T9AFC 000:180.833   CPU_ReadMem(32 bytes @ 0xE0048FE0)
T9AFC 000:181.219   CPU_ReadMem(4 bytes @ 0xE0048FBC)
T9AFC 000:181.472   CPU_ReadMem(4 bytes @ 0xE0048FCC)
T9AFC 000:181.726   [0][2]: E0048000 CID B105900D PID 001BB961 DEVARCH 00000000 DEVTYPE 21 TMC
T9AFC 000:181.752   CPU_ReadMem(32 bytes @ 0xE0049FE0)
T9AFC 000:182.170   [0][3]: E0049000 CID B105F00D PID 001BB101 TSG
T9AFC 000:182.197   CPU_ReadMem(32 bytes @ 0xE0040FE0)
T9AFC 000:182.591   CPU_ReadMem(4 bytes @ 0xE0040FBC)
T9AFC 000:182.823   CPU_ReadMem(4 bytes @ 0xE0040FCC)
T9AFC 000:183.067   [0][4]: E0040000 CID B105900D PID 000BBD21 DEVARCH 00000000 DEVTYPE 11 TPIU
T9AFC 000:183.077   CPU_ReadMem(32 bytes @ 0xE00FFFE0)
T9AFC 000:183.447   [0][5]: E00FF000 CID B105100D PID 000BB4C9 ROM Table
T9AFC 000:183.463   ROMTbl[1] @ E00FF000
T9AFC 000:183.476   CPU_ReadMem(64 bytes @ 0xE00FF000)
T9AFC 000:184.007   CPU_ReadMem(32 bytes @ 0xE000EFE0)
T9AFC 000:184.385   CPU_ReadMem(4 bytes @ 0xE000EFBC)
T9AFC 000:184.662   CPU_ReadMem(4 bytes @ 0xE000EFCC)
T9AFC 000:184.907   [1][0]: E000E000 CID B105900D PID 000BBD21 DEVARCH 47702A04 DEVTYPE 00 Cortex-M33
T9AFC 000:184.925   CPU_ReadMem(32 bytes @ 0xE0001FE0)
T9AFC 000:185.314   CPU_ReadMem(4 bytes @ 0xE0001FBC)
T9AFC 000:185.667   CPU_ReadMem(4 bytes @ 0xE0001FCC)
T9AFC 000:185.940   [1][1]: E0001000 CID B105900D PID 000BBD21 DEVARCH 47701A02 DEVTYPE 00 DWT
T9AFC 000:185.962   CPU_ReadMem(32 bytes @ 0xE0002FE0)
T9AFC 000:186.362   CPU_ReadMem(4 bytes @ 0xE0002FBC)
T9AFC 000:186.670   CPU_ReadMem(4 bytes @ 0xE0002FCC)
T9AFC 000:186.933   [1][2]: E0002000 CID B105900D PID 000BBD21 DEVARCH 47701A03 DEVTYPE 00 FPB
T9AFC 000:186.958   CPU_ReadMem(32 bytes @ 0xE0000FE0)
T9AFC 000:187.351   CPU_ReadMem(4 bytes @ 0xE0000FBC)
T9AFC 000:187.666   CPU_ReadMem(4 bytes @ 0xE0000FCC)
T9AFC 000:187.901   [1][3]: E0000000 CID B105900D PID 000BBD21 DEVARCH 47701A01 DEVTYPE 43 ITM
T9AFC 000:187.911   CPU_ReadMem(32 bytes @ 0xE0041FE0)
T9AFC 000:188.277   CPU_ReadMem(4 bytes @ 0xE0041FBC)
T9AFC 000:188.504   CPU_ReadMem(4 bytes @ 0xE0041FCC)
T9AFC 000:188.744   [1][5]: E0041000 CID B105900D PID 002BBD21 DEVARCH 47724A13 DEVTYPE 13 ETM
T9AFC 000:188.755   CPU_ReadMem(32 bytes @ 0xE0042FE0)
T9AFC 000:189.129   CPU_ReadMem(4 bytes @ 0xE0042FBC)
T9AFC 000:189.356   CPU_ReadMem(4 bytes @ 0xE0042FCC)
T9AFC 000:189.658   [1][6]: E0042000 CID B105900D PID 000BBD21 DEVARCH 47701A14 DEVTYPE 14 CSS600-CTI
T9AFC 000:189.711   CPU_ReadMem(4 bytes @ 0xE000EDF0)
T9AFC 000:189.955   Data:  01 00 10 01
T9AFC 000:189.972   Debug reg: DHCSR
T9AFC 000:189.986 - 31.998ms returns 0
T9AFC 000:190.057 JLINK_ReadMem(0x400E002C, 0x4 Bytes, ...)
T9AFC 000:190.073   CPU_ReadMem(4 bytes @ 0x400E002C)
T9AFC 000:190.335   Data:  02 00 00 00
T9AFC 000:190.351 - 0.293ms returns 0
T9AFC 000:190.390 JLINK_ReadMem(0xE000EDF0, 0x4 Bytes, ...)
T9AFC 000:190.404   CPU_ReadMem(4 bytes @ 0xE000EDF0)
T9AFC 000:190.659   Data:  01 00 10 01
T9AFC 000:190.673   Debug reg: DHCSR
T9AFC 000:190.681 - 0.290ms returns 0
T9AFC 000:190.710 JLINK_ReadMem(0xE000EDF0, 0x4 Bytes, ...)
T9AFC 000:190.718   CPU_ReadMem(4 bytes @ 0xE000EDF0)
T9AFC 000:190.966   Data:  01 00 10 01
T9AFC 000:190.991   Debug reg: DHCSR
T9AFC 000:191.004 - 0.293ms returns 0
T9AFC 000:191.019 JLINK_ReadMem(0x400E001C, 0x4 Bytes, ...)
T9AFC 000:191.033   CPU_ReadMem(4 bytes @ 0x400E001C)
T9AFC 000:191.293   Data:  00 FC FF 00
T9AFC 000:191.311 - 0.292ms returns 0
T9AFC 000:191.331 JLINK_ReadMem(0xE000EDF0, 0x4 Bytes, ...)
T9AFC 000:191.344   CPU_ReadMem(4 bytes @ 0xE000EDF0)
T9AFC 000:191.661   Data:  01 00 10 01
T9AFC 000:191.672   Debug reg: DHCSR
T9AFC 000:191.680 - 0.349ms returns 0
T9AFC 000:191.688 JLINK_ReadMem(0x400E0018, 0x4 Bytes, ...)
T9AFC 000:191.696   CPU_ReadMem(4 bytes @ 0x400E0018)
T9AFC 000:191.935   Data:  00 80 FF 00
T9AFC 000:191.945 - 0.256ms returns 0
T9AFC 000:191.954 JLINK_ReadMem(0xE000EDF0, 0x4 Bytes, ...)
T9AFC 000:191.961   CPU_ReadMem(4 bytes @ 0xE000EDF0)
T9AFC 000:192.197   Data:  01 00 10 01
T9AFC 000:192.206   Debug reg: DHCSR
T9AFC 000:192.214 - 0.259ms returns 0
T9AFC 000:192.222 JLINK_ReadMem(0x400E0020, 0x4 Bytes, ...)
T9AFC 000:192.229   CPU_ReadMem(4 bytes @ 0x400E0020)
T9AFC 000:192.480   Data:  00 FC 00 00
T9AFC 000:192.489 - 0.266ms returns 0
T9AFC 000:192.499 JLINK_ReadMem(0xE000EDF0, 0x4 Bytes, ...)
T9AFC 000:192.506   CPU_ReadMem(4 bytes @ 0xE000EDF0)
T9AFC 000:192.755   Data:  01 00 10 01
T9AFC 000:192.764   Debug reg: DHCSR
T9AFC 000:192.772 - 0.273ms returns 0
T9AFC 000:192.780 JLINK_ReadMem(0x400E0028, 0x4 Bytes, ...)
T9AFC 000:192.787   CPU_ReadMem(4 bytes @ 0x400E0028)
T9AFC 000:193.039   Data:  00 FC 1F 00
T9AFC 000:193.066 - 0.285ms returns 0
T9AFC 000:193.085 JLINK_ReadMem(0xE000EDF0, 0x4 Bytes, ...)
T9AFC 000:193.099   CPU_ReadMem(4 bytes @ 0xE000EDF0)
T9AFC 000:193.350   Data:  01 00 10 01
T9AFC 000:193.365   Debug reg: DHCSR
T9AFC 000:193.373 - 0.288ms returns 0
T9AFC 000:193.383 JLINK_ReadMem(0x400E0024, 0x4 Bytes, ...)
T9AFC 000:193.391   CPU_ReadMem(4 bytes @ 0x400E0024)
T9AFC 000:193.664   Data:  00 E0 1F 00
T9AFC 000:193.679 - 0.296ms returns 0
T9AFC 000:193.691 JLINK_ReadMem(0xE000EDF0, 0x4 Bytes, ...)
T9AFC 000:193.700   CPU_ReadMem(4 bytes @ 0xE000EDF0)
T9AFC 000:193.946   Data:  01 00 10 01
T9AFC 000:193.961   Debug reg: DHCSR
T9AFC 000:193.969 - 0.278ms returns 0
T9AFC 000:193.978 JLINK_ReadMem(0x400E002C, 0x4 Bytes, ...)
T9AFC 000:193.987   CPU_ReadMem(4 bytes @ 0x400E002C)
T9AFC 000:194.228   Data:  02 00 00 00
T9AFC 000:194.239 - 0.260ms returns 0
T9AFC 000:194.249 JLINK_ReadMem(0xE000EDF0, 0x4 Bytes, ...)
T9AFC 000:194.257   CPU_ReadMem(4 bytes @ 0xE000EDF0)
T9AFC 000:194.492   Data:  01 00 10 01
T9AFC 000:194.502   Debug reg: DHCSR
T9AFC 000:194.510 - 0.261ms returns 0
T9AFC 000:194.518 JLINK_ReadMem(0x400E002C, 0x4 Bytes, ...)
T9AFC 000:194.525   CPU_ReadMem(4 bytes @ 0x400E002C)
T9AFC 000:194.754   Data:  02 00 00 00
T9AFC 000:194.764 - 0.246ms returns 0
T9AFC 000:195.804 JLINK_Close()
T9AFC 000:210.703 - 14.897ms
T9AFC 000:210.723   
T9AFC 000:210.728   Closed
